<?xml version="1.0" encoding="UTF-8"?>
<!-- Generated by org.testng.reporters.JUnitReportReporter -->
<testsuite hostname="Aishwarya" failures="0" tests="2" name="com.bd.qa.testcases.ConfirmationPageTest" time="21.978" errors="0" timestamp="14 Aug 2024 23:22:56 GMT" skipped="0">
  <testcase classname="com.bd.qa.testcases.ConfirmationPageTest" name="validateConfirmationPageHeaderTest" time="11.834"/>
  <testcase classname="com.bd.qa.testcases.ConfirmationPageTest" name="validateStatusTest" time="10.144"/>
</testsuite> <!-- com.bd.qa.testcases.ConfirmationPageTest -->
