<?xml version="1.0" encoding="UTF-8"?>
<!-- Generated by org.testng.reporters.JUnitReportReporter -->
<testsuite hostname="Aishwarya" failures="0" tests="1" name="com.bd.qa.testcases.PurchasePageTest" time="8.844" errors="0" timestamp="15 Aug 2024 01:20:52 GMT" skipped="0">
  <testcase classname="com.bd.qa.testcases.PurchasePageTest" name="validatebuttonPurchaseFlightTest" time="8.844"/>
</testsuite> <!-- com.bd.qa.testcases.PurchasePageTest -->
