<?xml version="1.0" encoding="UTF-8"?>
<!-- Generated by org.testng.reporters.JUnitReportReporter -->
<testsuite hostname="Aishwarya" failures="0" tests="2" name="com.bd.qa.testcases.ReservePageTest" time="15.025" errors="0" timestamp="14 Aug 2024 23:22:56 GMT" skipped="0">
  <testcase classname="com.bd.qa.testcases.ReservePageTest" name="validateReservePageHeaderTest" time="3.897"/>
  <testcase classname="com.bd.qa.testcases.ReservePageTest" name="validatebuttonFindFlightsTest" time="11.128"/>
</testsuite> <!-- com.bd.qa.testcases.ReservePageTest -->
